<?xml version="1.0" encoding="UTF-8"?>
<!-- Generated by org.testng.reporters.JUnitXMLReporter -->
<testsuite ignored="1" hostname="DESKTOP-PTOCE9C" failures="0" tests="2" name="LaunchLogin" time="20.268" errors="0" timestamp="2023-11-27T16:01:57 IST">
  <testcase classname="TestNG.B" name="LaunchApp" time="11.137"/>
  <testcase classname="TestNG.B" name="Login" time="9.056"/>
  <testcase classname="TestNG.B" name="MyInfoTap" time="0.0">
    <ignored/>
  </testcase> <!-- MyInfoTap -->
</testsuite> <!-- LaunchLogin -->
