<?xml version="1.0" encoding="UTF-8"?>
<!-- Generated by org.testng.reporters.JUnitXMLReporter -->
<testsuite ignored="1" hostname="DESKTOP-PTOCE9C" failures="0" tests="2" name="LoginInfo" time="25.907" errors="0" timestamp="2023-11-27T16:02:23 IST">
  <testcase classname="TestNG.B" name="Login" time="9.767"/>
  <testcase classname="TestNG.B" name="MyInfoTap" time="16.118"/>
  <testcase classname="TestNG.B" name="LaunchApp" time="0.0">
    <ignored/>
  </testcase> <!-- LaunchApp -->
</testsuite> <!-- LoginInfo -->
