<?xml version="1.0" encoding="UTF-8"?>
<!-- Generated by org.testng.reporters.JUnitXMLReporter -->
<testsuite ignored="2" hostname="DESKTOP-PTOCE9C" failures="0" tests="2" name="Test2" time="0.02" errors="0" timestamp="2023-11-28T11:45:45 IST">
  <testcase classname="TestNG.E" name="test1" time="0.004"/>
  <testcase classname="TestNG.E" name="test111" time="0.003"/>
  <testcase classname="TestNG.E" name="test11" time="0.0">
    <ignored/>
  </testcase> <!-- test11 -->
  <testcase classname="TestNG.E" name="test1111" time="0.0">
    <ignored/>
  </testcase> <!-- test1111 -->
</testsuite> <!-- Test2 -->
