<?xml version="1.0" encoding="UTF-8"?>
<!-- Generated by org.testng.reporters.JUnitXMLReporter -->
<testsuite ignored="0" hostname="DESKTOP-PTOCE9C" failures="0" tests="4" name="Test" time="0.1" errors="0" timestamp="2023-11-28T11:33:51 IST">
  <testcase classname="TestNG.E" name="test1" time="0.02"/>
  <testcase classname="TestNG.E" name="test11" time="0.003"/>
  <testcase classname="TestNG.F" name="test2" time="0.003"/>
  <testcase classname="TestNG.F" name="test22" time="0.002"/>
</testsuite> <!-- Test -->
