<?xml version="1.0" encoding="UTF-8"?>
<!-- Generated by org.testng.reporters.JUnitXMLReporter -->
<testsuite ignored="1" hostname="DESKTOP-PTOCE9C" failures="0" tests="3" name="Test1" time="0.098" errors="0" timestamp="2023-11-28T11:45:45 IST">
  <testcase classname="TestNG.E" name="test1" time="0.018"/>
  <testcase classname="TestNG.E" name="test11" time="0.002"/>
  <testcase classname="TestNG.E" name="test1111" time="0.003"/>
  <testcase classname="TestNG.E" name="test111" time="0.0">
    <ignored/>
  </testcase> <!-- test111 -->
</testsuite> <!-- Test1 -->
